This file contains any messages produced by compilers while
running configure, to aid debugging if configure makes a mistake.

It was created by vamp configure 2.3.0, which was
generated by GNU Autoconf 2.69.  Invocation command line was

  $ ./configure --prefix=/eos/uscms/store/user/greddy/KSU/CMSSW_10_6_5/src/VAMP/vamp-2.3.0/../install

## --------- ##
## Platform. ##
## --------- ##

hostname = cmslpc157.fnal.gov
uname -m = x86_64
uname -r = 3.10.0-1160.99.1.el7.x86_64
uname -s = Linux
uname -v = #1 SMP Tue Aug 29 10:43:19 CDT 2023

/usr/bin/uname -p = x86_64
/bin/uname -X     = unknown

/bin/arch              = x86_64
/usr/bin/arch -k       = unknown
/usr/convex/getsysinfo = unknown
/usr/bin/hostinfo      = unknown
/bin/machine           = unknown
/usr/bin/oslevel       = unknown
/bin/universe          = unknown

PATH: /cvmfs/cms.cern.ch/share/overrides/bin
PATH: /eos/uscms/store/user/greddy/KSU/CMSSW_10_6_5/bin/slc7_amd64_gcc700
PATH: /eos/uscms/store/user/greddy/KSU/CMSSW_10_6_5/external/slc7_amd64_gcc700/bin
PATH: /cvmfs/cms.cern.ch/slc7_amd64_gcc700/cms/cmssw/CMSSW_10_6_5/bin/slc7_amd64_gcc700
PATH: /cvmfs/cms.cern.ch/slc7_amd64_gcc700/cms/cmssw/CMSSW_10_6_5/external/slc7_amd64_gcc700/bin
PATH: /cvmfs/cms.cern.ch/slc7_amd64_gcc700/external/llvm/7.1.0/bin
PATH: /cvmfs/cms.cern.ch/slc7_amd64_gcc700/external/gcc/7.0.0-pafccj/bin
PATH: /cvmfs/cms.cern.ch/slc7_amd64_gcc700/external/gsl/2.2.1-nmpfii2/bin
PATH: /cvmfs/cms.cern.ch/common
PATH: /usr/lib64/qt-3.3/bin
PATH: /opt/puppetlabs/bin
PATH: /usr/local/bin
PATH: /usr/bin
PATH: /usr/local/sbin
PATH: /usr/sbin
PATH: /opt/puppetlabs/bin
PATH: /eos/uscms/store/user/greddy/KSU/CMSSW_10_6_5/src/TauAnalysis/ClassicSVfit/exec
PATH: /eos/uscms/store/user/greddy/KSU/CMSSW_10_6_5/src/TauAnalysis/ClassicSVfit/exec


## ----------- ##
## Core tests. ##
## ----------- ##

configure:2422: checking for a BSD-compatible install
configure:2490: result: /usr/bin/install -c
configure:2501: checking whether build environment is sane
configure:2556: result: yes
configure:2707: checking for a thread-safe mkdir -p
configure:2746: result: /usr/bin/mkdir -p
configure:2753: checking for gawk
configure:2769: found /usr/bin/gawk
configure:2780: result: gawk
configure:2791: checking whether make sets $(MAKE)
configure:2813: result: yes
configure:2842: checking whether make supports nested variables
configure:2859: result: yes
configure:2992: checking for style of include used by make
configure:3020: result: GNU
configure:3028: --------------------------------------------------------------
configure:3030: --- Start of package configuration ---
configure:3032: 
configure:3043: Package name: vamp
configure:3045: Version:      2.3.0
configure:3047: Date:         July 21 2016
configure:3049: Status:       release
configure:3058: --------------------------------------------------------------
configure:3060: --- Generic tools ---
configure:3062: 
configure:3114: checking for gcc
configure:3130: found /cvmfs/cms.cern.ch/slc7_amd64_gcc700/external/gcc/7.0.0-pafccj/bin/gcc
configure:3141: result: gcc
configure:3370: checking for C compiler version
configure:3379: gcc --version >&5
gcc (GCC) 7.4.1 20190129
Copyright (C) 2017 Free Software Foundation, Inc.
This is free software; see the source for copying conditions.  There is NO
warranty; not even for MERCHANTABILITY or FITNESS FOR A PARTICULAR PURPOSE.

configure:3390: $? = 0
configure:3379: gcc -v >&5
Using built-in specs.
COLLECT_GCC=gcc
COLLECT_LTO_WRAPPER=/cvmfs/cms.cern.ch/slc7_amd64_gcc700/external/gcc/7.0.0-pafccj/bin/../libexec/gcc/x86_64-unknown-linux-gnu/7.4.1/lto-wrapper
Target: x86_64-unknown-linux-gnu
Configured with: ../configure --prefix=/build/cmsbld/auto-builds/CMSSW_10_6_0_pre4-slc7_amd64_gcc700/build/CMSSW_10_6_0_pre4-build/tmp/BUILDROOT/7859000b0d9ccfc99a559b3771a7ff50/opt/cmssw/slc7_amd64_gcc700/external/gcc/7.0.0-pafccj --disable-multilib --disable-nls --disable-dssi --enable-languages=c,c++,fortran --enable-gnu-indirect-function --enable-__cxa_atexit --disable-libunwind-exceptions --enable-gnu-unique-object --enable-plugin --with-linker-hash-style=gnu --enable-linker-build-id --enable-ld=default --enable-lto --enable-gold=yes --with-gmp=/build/cmsbld/auto-builds/CMSSW_10_6_0_pre4-slc7_amd64_gcc700/build/CMSSW_10_6_0_pre4-build/tmp/BUILDROOT/7859000b0d9ccfc99a559b3771a7ff50/opt/cmssw/slc7_amd64_gcc700/external/gcc/7.0.0-pafccj --with-mpfr=/build/cmsbld/auto-builds/CMSSW_10_6_0_pre4-slc7_amd64_gcc700/build/CMSSW_10_6_0_pre4-build/tmp/BUILDROOT/7859000b0d9ccfc99a559b3771a7ff50/opt/cmssw/slc7_amd64_gcc700/external/gcc/7.0.0-pafccj --enable-bootstrap --with-mpc=/build/cmsbld/auto-builds/CMSSW_10_6_0_pre4-slc7_amd64_gcc700/build/CMSSW_10_6_0_pre4-build/tmp/BUILDROOT/7859000b0d9ccfc99a559b3771a7ff50/opt/cmssw/slc7_amd64_gcc700/external/gcc/7.0.0-pafccj --with-isl=/build/cmsbld/auto-builds/CMSSW_10_6_0_pre4-slc7_amd64_gcc700/build/CMSSW_10_6_0_pre4-build/tmp/BUILDROOT/7859000b0d9ccfc99a559b3771a7ff50/opt/cmssw/slc7_amd64_gcc700/external/gcc/7.0.0-pafccj --enable-checking=release --build=x86_64-unknown-linux-gnu --host=x86_64-unknown-linux-gnu --enable-libstdcxx-time=rt --enable-shared --disable-libgcj CC='gcc -fPIC' CXX='c++ -fPIC' CPP=cpp CXXCPP='c++ -E' CFLAGS=-I/build/cmsbld/auto-builds/CMSSW_10_6_0_pre4-slc7_amd64_gcc700/build/CMSSW_10_6_0_pre4-build/tmp/BUILDROOT/7859000b0d9ccfc99a559b3771a7ff50/opt/cmssw/slc7_amd64_gcc700/external/gcc/7.0.0-pafccj/tmp/sw/include CXXFLAGS=-I/build/cmsbld/auto-builds/CMSSW_10_6_0_pre4-slc7_amd64_gcc700/build/CMSSW_10_6_0_pre4-build/tmp/BUILDROOT/7859000b0d9ccfc99a559b3771a7ff50/opt/cmssw/slc7_amd64_gcc700/external/gcc/7.0.0-pafccj/tmp/sw/include LDFLAGS=-L/build/cmsbld/auto-builds/CMSSW_10_6_0_pre4-slc7_amd64_gcc700/build/CMSSW_10_6_0_pre4-build/tmp/BUILDROOT/7859000b0d9ccfc99a559b3771a7ff50/opt/cmssw/slc7_amd64_gcc700/external/gcc/7.0.0-pafccj/tmp/sw/lib
Thread model: posix
gcc version 7.4.1 20190129 (GCC) 
configure:3390: $? = 0
configure:3379: gcc -V >&5
gcc: error: unrecognized command line option '-V'
gcc: fatal error: no input files
compilation terminated.
configure:3390: $? = 1
configure:3379: gcc -qversion >&5
gcc: error: unrecognized command line option '-qversion'; did you mean '--version'?
gcc: fatal error: no input files
compilation terminated.
configure:3390: $? = 1
configure:3410: checking whether the C compiler works
configure:3432: gcc    conftest.c  >&5
configure:3436: $? = 0
configure:3484: result: yes
configure:3487: checking for C compiler default output file name
configure:3489: result: a.out
configure:3495: checking for suffix of executables
configure:3502: gcc -o conftest    conftest.c  >&5
configure:3506: $? = 0
configure:3528: result: 
configure:3550: checking whether we are cross compiling
configure:3558: gcc -o conftest    conftest.c  >&5
configure:3562: $? = 0
configure:3569: ./conftest
configure:3573: $? = 0
configure:3588: result: no
configure:3593: checking for suffix of object files
configure:3615: gcc -c   conftest.c >&5
configure:3619: $? = 0
configure:3640: result: o
configure:3644: checking whether we are using the GNU C compiler
configure:3663: gcc -c   conftest.c >&5
configure:3663: $? = 0
configure:3672: result: yes
configure:3681: checking whether gcc accepts -g
configure:3701: gcc -c -g  conftest.c >&5
configure:3701: $? = 0
configure:3742: result: yes
configure:3759: checking for gcc option to accept ISO C89
configure:3822: gcc  -c -g -O2  conftest.c >&5
configure:3822: $? = 0
configure:3835: result: none needed
configure:3860: checking whether gcc understands -c and -o together
configure:3882: gcc -c conftest.c -o conftest2.o
configure:3885: $? = 0
configure:3882: gcc -c conftest.c -o conftest2.o
configure:3885: $? = 0
configure:3897: result: yes
configure:3940: checking dependency style of gcc
configure:4051: result: gcc3
configure:4109: checking for ranlib
configure:4125: found /cvmfs/cms.cern.ch/slc7_amd64_gcc700/external/gcc/7.0.0-pafccj/bin/ranlib
configure:4136: result: ranlib
configure:4187: checking build system type
configure:4201: result: x86_64-unknown-linux-gnu
configure:4221: checking host system type
configure:4234: result: x86_64-unknown-linux-gnu
configure:4275: checking how to print strings
configure:4302: result: printf
configure:4323: checking for a sed that does not truncate output
configure:4387: result: /usr/bin/sed
configure:4405: checking for grep that handles long lines and -e
configure:4463: result: /usr/bin/grep
configure:4468: checking for egrep
configure:4530: result: /usr/bin/grep -E
configure:4535: checking for fgrep
configure:4597: result: /usr/bin/grep -F
configure:4632: checking for ld used by gcc
configure:4699: result: /cvmfs/cms.cern.ch/slc7_amd64_gcc700/external/gcc/7.0.0-pafccj/x86_64-unknown-linux-gnu/bin/ld
configure:4706: checking if the linker (/cvmfs/cms.cern.ch/slc7_amd64_gcc700/external/gcc/7.0.0-pafccj/x86_64-unknown-linux-gnu/bin/ld) is GNU ld
configure:4721: result: yes
configure:4733: checking for BSD- or MS-compatible name lister (nm)
configure:4787: result: /cvmfs/cms.cern.ch/slc7_amd64_gcc700/external/gcc/7.0.0-pafccj/bin/nm -B
configure:4917: checking the name lister (/cvmfs/cms.cern.ch/slc7_amd64_gcc700/external/gcc/7.0.0-pafccj/bin/nm -B) interface
configure:4924: gcc -c -g -O2  conftest.c >&5
configure:4927: /cvmfs/cms.cern.ch/slc7_amd64_gcc700/external/gcc/7.0.0-pafccj/bin/nm -B "conftest.o"
configure:4930: output
0000000000000000 B some_variable
configure:4937: result: BSD nm
configure:4940: checking whether ln -s works
configure:4944: result: yes
configure:4952: checking the maximum length of command line arguments
configure:5083: result: 1572864
configure:5131: checking how to convert x86_64-unknown-linux-gnu file names to x86_64-unknown-linux-gnu format
configure:5171: result: func_convert_file_noop
configure:5178: checking how to convert x86_64-unknown-linux-gnu file names to toolchain format
configure:5198: result: func_convert_file_noop
configure:5205: checking for /cvmfs/cms.cern.ch/slc7_amd64_gcc700/external/gcc/7.0.0-pafccj/x86_64-unknown-linux-gnu/bin/ld option to reload object files
configure:5212: result: -r
configure:5286: checking for objdump
configure:5302: found /cvmfs/cms.cern.ch/slc7_amd64_gcc700/external/gcc/7.0.0-pafccj/bin/objdump
configure:5313: result: objdump
configure:5345: checking how to recognize dependent libraries
configure:5545: result: pass_all
configure:5630: checking for dlltool
configure:5660: result: no
configure:5690: checking how to associate runtime and link libraries
configure:5717: result: printf %s\n
configure:5778: checking for ar
configure:5794: found /cvmfs/cms.cern.ch/slc7_amd64_gcc700/external/gcc/7.0.0-pafccj/bin/ar
configure:5805: result: ar
configure:5842: checking for archiver @FILE support
configure:5859: gcc -c -g -O2  conftest.c >&5
configure:5859: $? = 0
configure:5862: ar cru libconftest.a @conftest.lst >&5
ar: `u' modifier ignored since `D' is the default (see `U')
configure:5865: $? = 0
configure:5870: ar cru libconftest.a @conftest.lst >&5
ar: `u' modifier ignored since `D' is the default (see `U')
ar: conftest.o: No such file or directory
configure:5873: $? = 1
configure:5885: result: @
configure:5943: checking for strip
configure:5959: found /cvmfs/cms.cern.ch/slc7_amd64_gcc700/external/gcc/7.0.0-pafccj/bin/strip
configure:5970: result: strip
configure:6042: checking for ranlib
configure:6069: result: ranlib
configure:6171: checking command to parse /cvmfs/cms.cern.ch/slc7_amd64_gcc700/external/gcc/7.0.0-pafccj/bin/nm -B output from gcc object
configure:6324: gcc -c -g -O2  conftest.c >&5
configure:6327: $? = 0
configure:6331: /cvmfs/cms.cern.ch/slc7_amd64_gcc700/external/gcc/7.0.0-pafccj/bin/nm -B conftest.o \| sed -n -e 's/^.*[ ]\([ABCDGIRSTW][ABCDGIRSTW]*\)[ ][ ]*\([_A-Za-z][_A-Za-z0-9]*\)$/\1 \2 \2/p' | sed '/ __gnu_lto/d' \> conftest.nm
configure:6334: $? = 0
configure:6400: gcc -o conftest -g -O2   conftest.c conftstm.o >&5
configure:6403: $? = 0
configure:6441: result: ok
configure:6488: checking for sysroot
configure:6518: result: no
configure:6525: checking for a working dd
configure:6563: result: /usr/bin/dd
configure:6567: checking how to truncate binary pipes
configure:6582: result: /usr/bin/dd bs=4096 count=1
configure:6718: gcc -c -g -O2  conftest.c >&5
configure:6721: $? = 0
configure:6911: checking for mt
configure:6941: result: no
configure:6961: checking if : is a manifest tool
configure:6967: : '-?'
configure:6975: result: no
configure:7652: checking how to run the C preprocessor
configure:7683: gcc -E  conftest.c
configure:7683: $? = 0
configure:7697: gcc -E  conftest.c
conftest.c:11:10: fatal error: ac_nonexistent.h: No such file or directory
 #include <ac_nonexistent.h>
          ^~~~~~~~~~~~~~~~~~
compilation terminated.
configure:7697: $? = 1
configure: failed program was:
| /* confdefs.h */
| #define PACKAGE_NAME "vamp"
| #define PACKAGE_TARNAME "vamp"
| #define PACKAGE_VERSION "2.3.0"
| #define PACKAGE_STRING "vamp 2.3.0"
| #define PACKAGE_BUGREPORT ""
| #define PACKAGE_URL ""
| #define PACKAGE "vamp"
| #define VERSION "2.3.0"
| /* end confdefs.h.  */
| #include <ac_nonexistent.h>
configure:7722: result: gcc -E
configure:7742: gcc -E  conftest.c
configure:7742: $? = 0
configure:7756: gcc -E  conftest.c
conftest.c:11:10: fatal error: ac_nonexistent.h: No such file or directory
 #include <ac_nonexistent.h>
          ^~~~~~~~~~~~~~~~~~
compilation terminated.
configure:7756: $? = 1
configure: failed program was:
| /* confdefs.h */
| #define PACKAGE_NAME "vamp"
| #define PACKAGE_TARNAME "vamp"
| #define PACKAGE_VERSION "2.3.0"
| #define PACKAGE_STRING "vamp 2.3.0"
| #define PACKAGE_BUGREPORT ""
| #define PACKAGE_URL ""
| #define PACKAGE "vamp"
| #define VERSION "2.3.0"
| /* end confdefs.h.  */
| #include <ac_nonexistent.h>
configure:7785: checking for ANSI C header files
configure:7805: gcc -c -g -O2  conftest.c >&5
configure:7805: $? = 0
configure:7878: gcc -o conftest -g -O2   conftest.c  >&5
configure:7878: $? = 0
configure:7878: ./conftest
configure:7878: $? = 0
configure:7889: result: yes
configure:7902: checking for sys/types.h
configure:7902: gcc -c -g -O2  conftest.c >&5
configure:7902: $? = 0
configure:7902: result: yes
configure:7902: checking for sys/stat.h
configure:7902: gcc -c -g -O2  conftest.c >&5
configure:7902: $? = 0
configure:7902: result: yes
configure:7902: checking for stdlib.h
configure:7902: gcc -c -g -O2  conftest.c >&5
configure:7902: $? = 0
configure:7902: result: yes
configure:7902: checking for string.h
configure:7902: gcc -c -g -O2  conftest.c >&5
configure:7902: $? = 0
configure:7902: result: yes
configure:7902: checking for memory.h
configure:7902: gcc -c -g -O2  conftest.c >&5
configure:7902: $? = 0
configure:7902: result: yes
configure:7902: checking for strings.h
configure:7902: gcc -c -g -O2  conftest.c >&5
configure:7902: $? = 0
configure:7902: result: yes
configure:7902: checking for inttypes.h
configure:7902: gcc -c -g -O2  conftest.c >&5
configure:7902: $? = 0
configure:7902: result: yes
configure:7902: checking for stdint.h
configure:7902: gcc -c -g -O2  conftest.c >&5
configure:7902: $? = 0
configure:7902: result: yes
configure:7902: checking for unistd.h
configure:7902: gcc -c -g -O2  conftest.c >&5
configure:7902: $? = 0
configure:7902: result: yes
configure:7916: checking for dlfcn.h
configure:7916: gcc -c -g -O2  conftest.c >&5
configure:7916: $? = 0
configure:7916: result: yes
configure:8172: checking for objdir
configure:8187: result: .libs
configure:8451: checking if gcc supports -fno-rtti -fno-exceptions
configure:8469: gcc -c -g -O2  -fno-rtti -fno-exceptions conftest.c >&5
cc1: warning: command line option '-fno-rtti' is valid for C++/ObjC++ but not for C
configure:8473: $? = 0
configure:8486: result: no
configure:8844: checking for gcc option to produce PIC
configure:8851: result: -fPIC -DPIC
configure:8859: checking if gcc PIC flag -fPIC -DPIC works
configure:8877: gcc -c -g -O2  -fPIC -DPIC -DPIC conftest.c >&5
configure:8881: $? = 0
configure:8894: result: yes
configure:8923: checking if gcc static flag -static works
configure:8951: result: no
configure:8966: checking if gcc supports -c -o file.o
configure:8987: gcc -c -g -O2  -o out/conftest2.o conftest.c >&5
configure:8991: $? = 0
configure:9013: result: yes
configure:9021: checking if gcc supports -c -o file.o
configure:9068: result: yes
configure:9101: checking whether the gcc linker (/cvmfs/cms.cern.ch/slc7_amd64_gcc700/external/gcc/7.0.0-pafccj/x86_64-unknown-linux-gnu/bin/ld -m elf_x86_64) supports shared libraries
configure:10360: result: yes
configure:10397: checking whether -lc should be explicitly linked in
configure:10405: gcc -c -g -O2  conftest.c >&5
configure:10408: $? = 0
configure:10423: gcc -shared  -fPIC -DPIC conftest.o  -v -Wl,-soname -Wl,conftest -o conftest 2\>\&1 \| /usr/bin/grep  -lc  \>/dev/null 2\>\&1
configure:10426: $? = 0
configure:10440: result: no
configure:10600: checking dynamic linker characteristics
configure:11181: gcc -o conftest -g -O2   -Wl,-rpath -Wl,/foo conftest.c  >&5
configure:11181: $? = 0
configure:11418: result: GNU/Linux ld.so
configure:11540: checking how to hardcode library paths into programs
configure:11565: result: immediate
configure:12113: checking whether stripping libraries is possible
configure:12118: result: yes
configure:12153: checking if libtool supports shared libraries
configure:12155: result: yes
configure:12158: checking whether to build shared libraries
configure:12183: result: yes
configure:12186: checking whether to build static libraries
configure:12190: result: yes
configure:12232: checking for m4
configure:12250: found /usr/bin/m4
configure:12262: result: /usr/bin/m4
configure:12281: checking whether we want to build the distribution
configure:12292: result: no
configure:12367: --------------------------------------------------------------
configure:12369: --- Checks for 'noweb' system ---
configure:12371: 
configure:12383: checking for notangle
configure:12416: result: no
configure:12423: checking for cpif
configure:12456: result: no
configure:12463: checking for noweave
configure:12496: result: no
configure:12540: --------------------------------------------------------------
configure:12542: --- Checks for 'LaTeX' system ---
configure:12544: 
configure:12553: checking for latex
configure:12569: found /usr/bin/latex
configure:12580: result: latex
configure:12606: checking for dvips
configure:12622: found /usr/bin/dvips
configure:12633: result: dvips
configure:12659: checking for pdflatex
configure:12675: found /usr/bin/pdflatex
configure:12686: result: pdflatex
configure:12712: checking for makeindex
configure:12728: found /usr/bin/makeindex
configure:12739: result: makeindex
configure:12765: checking for ps2pdf14
configure:12781: found /usr/bin/ps2pdf14
configure:12792: result: ps2pdf14
configure:12827: checking for epspdf
configure:12857: result: no
configure:12924: checking for epstopdf
configure:12940: found /usr/bin/epstopdf
configure:12951: result: epstopdf
configure:12969: result: epstopdf version is 2.18
configure:13027: checking for tex
configure:13043: found /usr/bin/tex
configure:13054: result: tex
configure:13077: checking for supp-pdf.tex
This is TeX, Version 3.1415926 (TeX Live 2013)
(./conftest.tex
! I can't find file `supp-pdf.tex'.
l.1 \input supp-pdf.tex 
                        \end
(Press Enter to retry, or Control-D to exit)
Please type another input file name: 
! Emergency stop.
l.1 \input supp-pdf.tex 
                        \end
No pages of output.
Transcript written on conftest.log.
configure:13090: result: no
configure:13115: checking for gzip
configure:13131: found /usr/bin/gzip
configure:13142: result: gzip
configure:13175: checking for acroread
configure:13206: result: false
configure:13216: checking for gv
configure:13234: found /usr/bin/gv
configure:13247: result: /usr/bin/gv
configure:13257: checking for dot
configure:13275: found /cvmfs/cms.cern.ch/slc7_amd64_gcc700/cms/cmssw/CMSSW_10_6_5/external/slc7_amd64_gcc700/bin/dot
configure:13288: result: /cvmfs/cms.cern.ch/slc7_amd64_gcc700/cms/cmssw/CMSSW_10_6_5/external/slc7_amd64_gcc700/bin/dot
configure:13302: checking for mpost
configure:13332: result: no
configure:13302: checking for metapost
configure:13332: result: no
configure:13380: --------------------------------------------------------------
configure:13382: --- Fortran compiler checks ---
configure:13384: 
configure:13442: checking for gfortran
configure:13458: found /cvmfs/cms.cern.ch/slc7_amd64_gcc700/external/gcc/7.0.0-pafccj/bin/gfortran
configure:13469: result: gfortran
configure:13495: checking for Fortran compiler version
configure:13504: gfortran --version >&5
GNU Fortran (GCC) 7.4.1 20190129
Copyright (C) 2017 Free Software Foundation, Inc.
This is free software; see the source for copying conditions.  There is NO
warranty; not even for MERCHANTABILITY or FITNESS FOR A PARTICULAR PURPOSE.

configure:13515: $? = 0
configure:13504: gfortran -v >&5
Using built-in specs.
COLLECT_GCC=gfortran
COLLECT_LTO_WRAPPER=/cvmfs/cms.cern.ch/slc7_amd64_gcc700/external/gcc/7.0.0-pafccj/bin/../libexec/gcc/x86_64-unknown-linux-gnu/7.4.1/lto-wrapper
Target: x86_64-unknown-linux-gnu
Configured with: ../configure --prefix=/build/cmsbld/auto-builds/CMSSW_10_6_0_pre4-slc7_amd64_gcc700/build/CMSSW_10_6_0_pre4-build/tmp/BUILDROOT/7859000b0d9ccfc99a559b3771a7ff50/opt/cmssw/slc7_amd64_gcc700/external/gcc/7.0.0-pafccj --disable-multilib --disable-nls --disable-dssi --enable-languages=c,c++,fortran --enable-gnu-indirect-function --enable-__cxa_atexit --disable-libunwind-exceptions --enable-gnu-unique-object --enable-plugin --with-linker-hash-style=gnu --enable-linker-build-id --enable-ld=default --enable-lto --enable-gold=yes --with-gmp=/build/cmsbld/auto-builds/CMSSW_10_6_0_pre4-slc7_amd64_gcc700/build/CMSSW_10_6_0_pre4-build/tmp/BUILDROOT/7859000b0d9ccfc99a559b3771a7ff50/opt/cmssw/slc7_amd64_gcc700/external/gcc/7.0.0-pafccj --with-mpfr=/build/cmsbld/auto-builds/CMSSW_10_6_0_pre4-slc7_amd64_gcc700/build/CMSSW_10_6_0_pre4-build/tmp/BUILDROOT/7859000b0d9ccfc99a559b3771a7ff50/opt/cmssw/slc7_amd64_gcc700/external/gcc/7.0.0-pafccj --enable-bootstrap --with-mpc=/build/cmsbld/auto-builds/CMSSW_10_6_0_pre4-slc7_amd64_gcc700/build/CMSSW_10_6_0_pre4-build/tmp/BUILDROOT/7859000b0d9ccfc99a559b3771a7ff50/opt/cmssw/slc7_amd64_gcc700/external/gcc/7.0.0-pafccj --with-isl=/build/cmsbld/auto-builds/CMSSW_10_6_0_pre4-slc7_amd64_gcc700/build/CMSSW_10_6_0_pre4-build/tmp/BUILDROOT/7859000b0d9ccfc99a559b3771a7ff50/opt/cmssw/slc7_amd64_gcc700/external/gcc/7.0.0-pafccj --enable-checking=release --build=x86_64-unknown-linux-gnu --host=x86_64-unknown-linux-gnu --enable-libstdcxx-time=rt --enable-shared --disable-libgcj CC='gcc -fPIC' CXX='c++ -fPIC' CPP=cpp CXXCPP='c++ -E' CFLAGS=-I/build/cmsbld/auto-builds/CMSSW_10_6_0_pre4-slc7_amd64_gcc700/build/CMSSW_10_6_0_pre4-build/tmp/BUILDROOT/7859000b0d9ccfc99a559b3771a7ff50/opt/cmssw/slc7_amd64_gcc700/external/gcc/7.0.0-pafccj/tmp/sw/include CXXFLAGS=-I/build/cmsbld/auto-builds/CMSSW_10_6_0_pre4-slc7_amd64_gcc700/build/CMSSW_10_6_0_pre4-build/tmp/BUILDROOT/7859000b0d9ccfc99a559b3771a7ff50/opt/cmssw/slc7_amd64_gcc700/external/gcc/7.0.0-pafccj/tmp/sw/include LDFLAGS=-L/build/cmsbld/auto-builds/CMSSW_10_6_0_pre4-slc7_amd64_gcc700/build/CMSSW_10_6_0_pre4-build/tmp/BUILDROOT/7859000b0d9ccfc99a559b3771a7ff50/opt/cmssw/slc7_amd64_gcc700/external/gcc/7.0.0-pafccj/tmp/sw/lib
Thread model: posix
gcc version 7.4.1 20190129 (GCC) 
configure:13515: $? = 0
configure:13504: gfortran -V >&5
gfortran: error: unrecognized command line option '-V'
gfortran: fatal error: no input files
compilation terminated.
configure:13515: $? = 1
configure:13504: gfortran -qversion >&5
gfortran: error: unrecognized command line option '-qversion'; did you mean '--version'?
gfortran: fatal error: no input files
compilation terminated.
configure:13515: $? = 1
configure:13524: checking whether we are using the GNU Fortran compiler
configure:13537: gfortran -c   conftest.F >&5
configure:13537: $? = 0
configure:13546: result: yes
configure:13552: checking whether gfortran accepts -g
configure:13563: gfortran -c -g  conftest.f >&5
configure:13563: $? = 0
configure:13571: result: yes
configure:13713: checking if libtool supports shared libraries
configure:13715: result: yes
configure:13718: checking whether to build shared libraries
configure:13742: result: yes
configure:13745: checking whether to build static libraries
configure:13749: result: yes
configure:13783: gfortran -c -g -O2  conftest.f >&5
configure:13786: $? = 0
configure:14264: checking for gfortran option to produce PIC
configure:14271: result: -fPIC
configure:14279: checking if gfortran PIC flag -fPIC works
configure:14297: gfortran -c -g -O2 -fPIC  conftest.f >&5
configure:14301: $? = 0
configure:14314: result: yes
configure:14337: checking if gfortran static flag -static works
configure:14365: result: no
configure:14377: checking if gfortran supports -c -o file.o
configure:14398: gfortran -c -g -O2 -o out/conftest2.o  conftest.f >&5
configure:14402: $? = 0
configure:14424: result: yes
configure:14429: checking if gfortran supports -c -o file.o
configure:14476: result: yes
configure:14506: checking whether the gfortran linker (/cvmfs/cms.cern.ch/slc7_amd64_gcc700/external/gcc/7.0.0-pafccj/x86_64-unknown-linux-gnu/bin/ld -m elf_x86_64) supports shared libraries
configure:15715: result: yes
configure:15856: checking dynamic linker characteristics
configure:16595: result: GNU/Linux ld.so
configure:16660: checking how to hardcode library paths into programs
configure:16685: result: immediate
configure:16722: checking for Fortran flag to compile .f90 files
configure:16742: gfortran -c -g -O2  conftest.f90 >&5
configure:16742: $? = 0
configure:16751: result: none
configure:16775: checking the compiler ID string
configure:16820: result: GNU Fortran (GCC) 7.4.1 20190129
configure:16825: checking the compiler vendor
configure:16853: result: gfortran
configure:16878: checking the compiler version
configure:16908: result: 7.4.1
configure:16929: checking the major version
configure:16937: result: 7
configure:16952: checking whether gfortran supports the flush statement (F2003)
configure:16974: gfortran -c -g -O2  conftest.f90 >&5
configure:16974: $? = 0
configure:16982: result: yes
configure:16993: checking whether gfortran supports iso_fortran_env (F2003)
configure:17017: gfortran -o conftest -g -O2   conftest.f90  >&5
configure:17017: $? = 0
configure:17027: result: yes
configure:17041: checking for Fortran90 module file naming convention
configure:17075: result: name: module_name, extension: .mod 
configure:17094: checking whether gfortran supports procedure pointers (F2003)
configure:17117: gfortran -c -g -O2  conftest.f90 >&5
configure:17117: $? = 0
configure:17125: result: yes
configure:17136: checking whether gfortran supports OO features (F2003)
configure:17173: gfortran -c -g -O2  conftest.f90 >&5
configure:17173: $? = 0
configure:17181: result: yes
configure:17186: checking whether gfortran supports submodules (F2008)
configure:17225: gfortran -c -g -O2  conftest.f90 >&5
configure:17225: $? = 0
configure:17233: result: yes
configure:17256: checking for tr
configure:17274: found /usr/bin/tr
configure:17286: result: /usr/bin/tr
configure:17297: checking for case conversion
configure:17310: result: /usr/bin/tr works
configure:17326: checking whether gfortran supports iso_fortran_env (F2008)
configure:17351: gfortran -o conftest -g -O2   conftest.f90  >&5
configure:17351: $? = 0
configure:17359: result: yes
configure:17361: checking whether gfortran supports c_float128 (a gfortran extension)
configure:17380: gfortran -o conftest -g -O2   conftest.f90  >&5
configure:17380: $? = 0
configure:17388: result: yes
configure:17401: checking the requested floating point precision
configure:17415: result: double
configure:17810: gfortran -o conftest -g -O2   conftest.f90  >&5
configure:17810: $? = 0
configure:17810: ./conftest
configure:17810: $? = 0
configure:19276: checking whether gfortran supports OpenMP
configure:19328: gfortran -o conftest -fopenmp -g -O2   conftest.f90  >&5
configure:19328: $? = 0
configure:19328: ./conftest
configure:19328: $? = 0
configure:19342: result: yes
configure:19345: checking the default number of threads used by OpenMP
configure:19350: result: 8
configure:19362: checking whether OpenMP is activated
configure:19373: result: no
configure:19402: checking whether gfortran supports profiling via -pg
configure:19424: gfortran -o conftest -pg -g -O2   conftest.f90  >&5
configure:19424: $? = 0
configure:19424: ./conftest
configure:19424: $? = 0
configure:19441: result: yes
configure:19452: checking whether profiling is activated
configure:19465: result: no
configure:19481: --------------------------------------------------------------
configure:19483: --- Finalize configuration ---
configure:19485: 
configure:19637: checking that generated files are newer than configure
configure:19643: result: done
configure:19774: creating ./config.status

## ---------------------- ##
## Running config.status. ##
## ---------------------- ##

This file was extended by vamp config.status 2.3.0, which was
generated by GNU Autoconf 2.69.  Invocation command line was

  CONFIG_FILES    = 
  CONFIG_HEADERS  = 
  CONFIG_LINKS    = 
  CONFIG_COMMANDS = 
  $ ./config.status 

on cmslpc157.fnal.gov

config.status:1171: creating Makefile
config.status:1171: creating src/Makefile
config.status:1171: creating share/Makefile
config.status:1171: creating share/doc/Makefile
config.status:1171: creating tests/Makefile
config.status:1343: executing depfiles commands
config.status:1343: executing libtool commands

## ---------------- ##
## Cache variables. ##
## ---------------- ##

ac_cv_build=x86_64-unknown-linux-gnu
ac_cv_c_compiler_gnu=yes
ac_cv_env_CC_set=
ac_cv_env_CC_value=
ac_cv_env_CFLAGS_set=
ac_cv_env_CFLAGS_value=
ac_cv_env_CPPFLAGS_set=
ac_cv_env_CPPFLAGS_value=
ac_cv_env_CPP_set=
ac_cv_env_CPP_value=
ac_cv_env_FCFLAGS_set=
ac_cv_env_FCFLAGS_value=
ac_cv_env_FC_set=
ac_cv_env_FC_value=
ac_cv_env_LDFLAGS_set=
ac_cv_env_LDFLAGS_value=
ac_cv_env_LIBS_set=
ac_cv_env_LIBS_value=
ac_cv_env_LT_SYS_LIBRARY_PATH_set=
ac_cv_env_LT_SYS_LIBRARY_PATH_value=
ac_cv_env_build_alias_set=
ac_cv_env_build_alias_value=
ac_cv_env_host_alias_set=
ac_cv_env_host_alias_value=
ac_cv_env_target_alias_set=
ac_cv_env_target_alias_value=
ac_cv_fc_compiler_gnu=yes
ac_cv_fc_srcext_f90=none
ac_cv_header_dlfcn_h=yes
ac_cv_header_inttypes_h=yes
ac_cv_header_memory_h=yes
ac_cv_header_stdc=yes
ac_cv_header_stdint_h=yes
ac_cv_header_stdlib_h=yes
ac_cv_header_string_h=yes
ac_cv_header_strings_h=yes
ac_cv_header_sys_stat_h=yes
ac_cv_header_sys_types_h=yes
ac_cv_header_unistd_h=yes
ac_cv_host=x86_64-unknown-linux-gnu
ac_cv_objext=o
ac_cv_path_ACROREAD=false
ac_cv_path_DOT=/cvmfs/cms.cern.ch/slc7_amd64_gcc700/cms/cmssw/CMSSW_10_6_5/external/slc7_amd64_gcc700/bin/dot
ac_cv_path_EGREP='/usr/bin/grep -E'
ac_cv_path_FGREP='/usr/bin/grep -F'
ac_cv_path_GHOSTVIEW=/usr/bin/gv
ac_cv_path_GREP=/usr/bin/grep
ac_cv_path_M4=/usr/bin/m4
ac_cv_path_SED=/usr/bin/sed
ac_cv_path_TR=/usr/bin/tr
ac_cv_path_install='/usr/bin/install -c'
ac_cv_path_lt_DD=/usr/bin/dd
ac_cv_path_mkdir=/usr/bin/mkdir
ac_cv_prog_AWK=gawk
ac_cv_prog_CPP='gcc -E'
ac_cv_prog_DVIPS=dvips
ac_cv_prog_EPSTOPDF=epstopdf
ac_cv_prog_GZIP=gzip
ac_cv_prog_LATEX=latex
ac_cv_prog_MAKEINDEX=makeindex
ac_cv_prog_PDFLATEX=pdflatex
ac_cv_prog_PLAINTEX=tex
ac_cv_prog_PS2PDF=ps2pdf14
ac_cv_prog_ac_ct_AR=ar
ac_cv_prog_ac_ct_CC=gcc
ac_cv_prog_ac_ct_FC=gfortran
ac_cv_prog_ac_ct_OBJDUMP=objdump
ac_cv_prog_ac_ct_RANLIB=ranlib
ac_cv_prog_ac_ct_STRIP=strip
ac_cv_prog_cc_c89=
ac_cv_prog_cc_g=yes
ac_cv_prog_fc_g=yes
ac_cv_prog_make_make_set=yes
am_cv_CC_dependencies_compiler_type=gcc3
am_cv_make_support_nested_variables=yes
am_cv_prog_cc_c_o=yes
lt_cv_ar_at_file=@
lt_cv_archive_cmds_need_lc=no
lt_cv_deplibs_check_method=pass_all
lt_cv_file_magic_cmd='$MAGIC_CMD'
lt_cv_file_magic_test_file=
lt_cv_ld_reload_flag=-r
lt_cv_nm_interface='BSD nm'
lt_cv_objdir=.libs
lt_cv_path_LD=/cvmfs/cms.cern.ch/slc7_amd64_gcc700/external/gcc/7.0.0-pafccj/x86_64-unknown-linux-gnu/bin/ld
lt_cv_path_NM='/cvmfs/cms.cern.ch/slc7_amd64_gcc700/external/gcc/7.0.0-pafccj/bin/nm -B'
lt_cv_path_mainfest_tool=no
lt_cv_prog_compiler_c_o=yes
lt_cv_prog_compiler_c_o_FC=yes
lt_cv_prog_compiler_pic='-fPIC -DPIC'
lt_cv_prog_compiler_pic_FC=-fPIC
lt_cv_prog_compiler_pic_works=yes
lt_cv_prog_compiler_pic_works_FC=yes
lt_cv_prog_compiler_rtti_exceptions=no
lt_cv_prog_compiler_static_works=no
lt_cv_prog_compiler_static_works_FC=no
lt_cv_prog_gnu_ld=yes
lt_cv_sharedlib_from_linklib_cmd='printf %s\n'
lt_cv_shlibpath_overrides_runpath=no
lt_cv_sys_global_symbol_pipe='sed -n -e '\''s/^.*[	 ]\([ABCDGIRSTW][ABCDGIRSTW]*\)[	 ][	 ]*\([_A-Za-z][_A-Za-z0-9]*\)$/\1 \2 \2/p'\'' | sed '\''/ __gnu_lto/d'\'''
lt_cv_sys_global_symbol_to_c_name_address='sed -n -e '\''s/^: \(.*\) .*$/  {"\1", (void *) 0},/p'\'' -e '\''s/^[ABCDGIRSTW][ABCDGIRSTW]* .* \(.*\)$/  {"\1", (void *) \&\1},/p'\'''
lt_cv_sys_global_symbol_to_c_name_address_lib_prefix='sed -n -e '\''s/^: \(.*\) .*$/  {"\1", (void *) 0},/p'\'' -e '\''s/^[ABCDGIRSTW][ABCDGIRSTW]* .* \(lib.*\)$/  {"\1", (void *) \&\1},/p'\'' -e '\''s/^[ABCDGIRSTW][ABCDGIRSTW]* .* \(.*\)$/  {"lib\1", (void *) \&\1},/p'\'''
lt_cv_sys_global_symbol_to_cdecl='sed -n -e '\''s/^T .* \(.*\)$/extern int \1();/p'\'' -e '\''s/^[ABCDGIRSTW][ABCDGIRSTW]* .* \(.*\)$/extern char \1;/p'\'''
lt_cv_sys_global_symbol_to_import=
lt_cv_sys_max_cmd_len=1572864
lt_cv_to_host_file_cmd=func_convert_file_noop
lt_cv_to_tool_file_cmd=func_convert_file_noop
lt_cv_truncate_bin='/usr/bin/dd bs=4096 count=1'
wo_cv_distribution=no
wo_cv_fc_flush=yes
wo_cv_fc_id_string='GNU Fortran (GCC) 7.4.1 20190129'
wo_cv_fc_iso_c_binding_gfortran=yes
wo_cv_fc_iso_fortran_env=yes
wo_cv_fc_iso_fortran_env_2008=yes
wo_cv_fc_major_version=7
wo_cv_fc_openmp=yes
wo_cv_fc_openmp_header='use, intrinsic :: omp_lib'
wo_cv_fc_openmp_thread_limit=8
wo_cv_fc_prof=no
wo_cv_fc_profiling=yes
wo_cv_fc_requested_precision=double
wo_cv_fc_submodules=yes
wo_cv_fc_use_openmp=no
wo_cv_fc_vendor=gfortran
wo_cv_fc_version=7.4.1
wo_cv_fcflags_openmp=-fopenmp
wo_cv_prog_f03_oo_features=yes
wo_cv_prog_f03_procedure_pointers=yes
wo_cv_supp_pdf_exists=no
wo_epstopdf_cv_version=2.18

## ----------------- ##
## Output variables. ##
## ----------------- ##

ACLOCAL='${SHELL} /eos/uscms/store/user/greddy/KSU/CMSSW_10_6_5/src/VAMP/vamp-2.3.0/missing aclocal-1.15'
ACROREAD='false'
AMDEPBACKSLASH='\'
AMDEP_FALSE='#'
AMDEP_TRUE=''
AMTAR='$${TAR-tar}'
AM_BACKSLASH='\'
AM_DEFAULT_V='$(AM_DEFAULT_VERBOSITY)'
AM_DEFAULT_VERBOSITY='1'
AM_V='$(V)'
AR='ar'
AUTOCONF='${SHELL} /eos/uscms/store/user/greddy/KSU/CMSSW_10_6_5/src/VAMP/vamp-2.3.0/missing autoconf'
AUTOHEADER='${SHELL} /eos/uscms/store/user/greddy/KSU/CMSSW_10_6_5/src/VAMP/vamp-2.3.0/missing autoheader'
AUTOMAKE='${SHELL} /eos/uscms/store/user/greddy/KSU/CMSSW_10_6_5/src/VAMP/vamp-2.3.0/missing automake-1.15'
AWK='gawk'
CC='gcc'
CCDEPMODE='depmode=gcc3'
CFLAGS='-g -O2'
CPIF=''
CPP='gcc -E'
CPPFLAGS=''
CYGPATH_W='echo'
DEFS='-DPACKAGE_NAME=\"vamp\" -DPACKAGE_TARNAME=\"vamp\" -DPACKAGE_VERSION=\"2.3.0\" -DPACKAGE_STRING=\"vamp\ 2.3.0\" -DPACKAGE_BUGREPORT=\"\" -DPACKAGE_URL=\"\" -DPACKAGE=\"vamp\" -DVERSION=\"2.3.0\" -DSTDC_HEADERS=1 -DHAVE_SYS_TYPES_H=1 -DHAVE_SYS_STAT_H=1 -DHAVE_STDLIB_H=1 -DHAVE_STRING_H=1 -DHAVE_MEMORY_H=1 -DHAVE_STRINGS_H=1 -DHAVE_INTTYPES_H=1 -DHAVE_STDINT_H=1 -DHAVE_UNISTD_H=1 -DHAVE_DLFCN_H=1 -DLT_OBJDIR=\".libs/\"'
DEPDIR='.deps'
DISTRIBUTION_FALSE=''
DISTRIBUTION_TRUE='#'
DLLTOOL='false'
DOT='/cvmfs/cms.cern.ch/slc7_amd64_gcc700/cms/cmssw/CMSSW_10_6_5/external/slc7_amd64_gcc700/bin/dot'
DSYMUTIL=''
DUMPBIN=''
DVIPS='dvips'
DVIPS_AVAILABLE_FALSE='#'
DVIPS_AVAILABLE_TRUE=''
ECHO_C=''
ECHO_N='-n'
ECHO_T=''
EGREP='/usr/bin/grep -E'
EPSPDF='no'
EPSPDFINTEGERVERSION='000000'
EPSPDFVERSION=''
EPSPDF_043_FALSE=''
EPSPDF_043_TRUE='#'
EPSPDF_AVAILABLE_FALSE=''
EPSPDF_AVAILABLE_TRUE='#'
EPSTOPDF='epstopdf'
EPSTOPDFVERSION='2.18'
EPSTOPDF_AVAILABLE_FALSE='#'
EPSTOPDF_AVAILABLE_TRUE=''
EPSTOPDF_BUGGY='no'
EXEEXT=''
FC='gfortran'
FCFLAGS='-g -O2'
FCFLAGS_OPENMP=''
FCFLAGS_PROFILING=''
FCFLAGS_f90=''
FC_EXT_FALSE=''
FC_EXT_TRUE='#'
FC_ID_STRING='GNU Fortran (GCC) 7.4.1 20190129'
FC_IS_GFORTRAN_456='no'
FC_IS_GFORTRAN_470123='no'
FC_IS_GFORTRAN_FALSE='#'
FC_IS_GFORTRAN_TRUE=''
FC_IS_NAG_FALSE=''
FC_IS_NAG_TRUE='#'
FC_MAJOR_VERSION='7'
FC_MODULE_EXT='mod'
FC_MODULE_NAME='module_name'
FC_MPI_FALSE=''
FC_MPI_TRUE='#'
FC_OPENMP_DEFAULT_MAX_THREADS='1'
FC_OPENMP_HEADER=''
FC_OPENMP_OFF=''
FC_OPENMP_ON='!'
FC_PRECISION='double'
FC_PREC_FALSE=''
FC_PREC_TRUE='#'
FC_QUAD_FALSE=''
FC_QUAD_TRUE='#'
FC_SUBMODULES_FALSE='#'
FC_SUBMODULES_TRUE=''
FC_SUPPORTS_FLUSH='yes'
FC_SUPPORTS_OO_FEATURES='yes'
FC_SUPPORTS_OPENMP='yes'
FC_SUPPORTS_PROCEDURE_POINTERS='yes'
FC_SUPPORTS_PROFILING='yes'
FC_SUPPORTS_SUBMODULES='yes'
FC_USE_OPENMP_FALSE=''
FC_USE_OPENMP_TRUE='#'
FC_USE_PROFILING_FALSE=''
FC_USE_PROFILING_TRUE='#'
FC_VENDOR='gfortran'
FC_VERSION='7.4.1'
FGREP='/usr/bin/grep -F'
GHOSTVIEW='/usr/bin/gv'
GREP='/usr/bin/grep'
GZIP='gzip'
GZIP_AVAILABLE_FALSE='#'
GZIP_AVAILABLE_TRUE=''
INSTALL_DATA='${INSTALL} -m 644'
INSTALL_PROGRAM='${INSTALL}'
INSTALL_SCRIPT='${INSTALL}'
INSTALL_STRIP_PROGRAM='$(install_sh) -c -s'
LATEX='latex'
LATEX_AVAILABLE_FALSE='#'
LATEX_AVAILABLE_TRUE=''
LD='/cvmfs/cms.cern.ch/slc7_amd64_gcc700/external/gcc/7.0.0-pafccj/x86_64-unknown-linux-gnu/bin/ld -m elf_x86_64'
LDFLAGS=''
LIBOBJS=''
LIBS=''
LIBTOOL='$(SHELL) $(top_builddir)/libtool'
LIPO=''
LN_S='ln -s'
LOWERCASE='/usr/bin/tr A-Z a-z'
LTLIBOBJS=''
LT_SYS_LIBRARY_PATH=''
M4='/usr/bin/m4'
MAKEINDEX='makeindex'
MAKEINDEX_AVAILABLE_FALSE='#'
MAKEINDEX_AVAILABLE_TRUE=''
MAKEINFO='${SHELL} /eos/uscms/store/user/greddy/KSU/CMSSW_10_6_5/src/VAMP/vamp-2.3.0/missing makeinfo'
MANIFEST_TOOL=':'
MKDIR_P='/usr/bin/mkdir -p'
MPOST='no'
MPOSTFLAG=''
MPOSTINTEGERVERSION=''
MPOSTVERSION=''
MPOST_AVAILABLE_FALSE=''
MPOST_AVAILABLE_TRUE='#'
NM='/cvmfs/cms.cern.ch/slc7_amd64_gcc700/external/gcc/7.0.0-pafccj/bin/nm -B'
NMEDIT=''
NOTANGLE=''
NOWEAVE=''
NOWEB_AVAILABLE_FALSE=''
NOWEB_AVAILABLE_TRUE='#'
OBJDUMP='objdump'
OBJEXT='o'
OTOOL64=''
OTOOL=''
PACKAGE='vamp'
PACKAGE_BUGREPORT=''
PACKAGE_DATE='July 21 2016'
PACKAGE_NAME='vamp'
PACKAGE_STATUS='release'
PACKAGE_STRING='vamp 2.3.0'
PACKAGE_TARNAME='vamp'
PACKAGE_URL=''
PACKAGE_VERSION='2.3.0'
PATH_SEPARATOR=':'
PDFLATEX='pdflatex'
PDFLATEX_AVAILABLE_FALSE='#'
PDFLATEX_AVAILABLE_TRUE=''
PLAINTEX='tex'
PS2PDF='ps2pdf14'
PS2PDF_AVAILABLE_FALSE='#'
PS2PDF_AVAILABLE_TRUE=''
RANLIB='ranlib'
SED='/usr/bin/sed'
SET_MAKE=''
SHELL='/bin/sh'
STRIP='strip'
SUPP_PDF_AVAILABLE_FALSE=''
SUPP_PDF_AVAILABLE_TRUE='#'
TEX_AVAILABLE_FALSE='#'
TEX_AVAILABLE_TRUE=''
TR='/usr/bin/tr'
UPPERCASE='/usr/bin/tr a-z A-Z'
VAMP_WITH_OPENMP='false'
VAMP_WITH_OPENMP_FALSE=''
VAMP_WITH_OPENMP_TRUE='#'
VERSION='2.3.0'
ac_ct_AR='ar'
ac_ct_CC='gcc'
ac_ct_DUMPBIN=''
ac_ct_FC='gfortran'
am__EXEEXT_FALSE=''
am__EXEEXT_TRUE='#'
am__fastdepCC_FALSE='#'
am__fastdepCC_TRUE=''
am__include='include'
am__isrc=''
am__leading_dot='.'
am__nodep='_no'
am__quote=''
am__tar='$${TAR-tar} chof - "$$tardir"'
am__untar='$${TAR-tar} xf -'
bindir='${exec_prefix}/bin'
build='x86_64-unknown-linux-gnu'
build_alias=''
build_cpu='x86_64'
build_os='linux-gnu'
build_vendor='unknown'
datadir='${datarootdir}'
datarootdir='${prefix}/share'
docdir='${datarootdir}/doc/${PACKAGE_TARNAME}'
dvidir='${docdir}'
exec_prefix='${prefix}'
host='x86_64-unknown-linux-gnu'
host_alias=''
host_cpu='x86_64'
host_os='linux-gnu'
host_vendor='unknown'
htmldir='${docdir}'
includedir='${prefix}/include'
infodir='${datarootdir}/info'
install_sh='${SHELL} /eos/uscms/store/user/greddy/KSU/CMSSW_10_6_5/src/VAMP/vamp-2.3.0/install-sh'
libdir='${exec_prefix}/lib'
libexecdir='${exec_prefix}/libexec'
localedir='${datarootdir}/locale'
localstatedir='${prefix}/var'
mandir='${datarootdir}/man'
mkdir_p='$(MKDIR_P)'
oldincludedir='/usr/include'
pdfdir='${docdir}'
prefix='/eos/uscms/store/user/greddy/KSU/CMSSW_10_6_5/src/VAMP/vamp-2.3.0/../install'
program_transform_name='s,x,x,'
psdir='${docdir}'
sbindir='${exec_prefix}/sbin'
sharedstatedir='${prefix}/com'
sysconfdir='${prefix}/etc'
target_alias=''

## ----------- ##
## confdefs.h. ##
## ----------- ##

/* confdefs.h */
#define PACKAGE_NAME "vamp"
#define PACKAGE_TARNAME "vamp"
#define PACKAGE_VERSION "2.3.0"
#define PACKAGE_STRING "vamp 2.3.0"
#define PACKAGE_BUGREPORT ""
#define PACKAGE_URL ""
#define PACKAGE "vamp"
#define VERSION "2.3.0"
#define STDC_HEADERS 1
#define HAVE_SYS_TYPES_H 1
#define HAVE_SYS_STAT_H 1
#define HAVE_STDLIB_H 1
#define HAVE_STRING_H 1
#define HAVE_MEMORY_H 1
#define HAVE_STRINGS_H 1
#define HAVE_INTTYPES_H 1
#define HAVE_STDINT_H 1
#define HAVE_UNISTD_H 1
#define HAVE_DLFCN_H 1
#define LT_OBJDIR ".libs/"

configure: exit 0
